g:\dollarproject\cjgameproj\dollarprojectiii\frameworks\cjcomponents\monknw\monknet\debug.win32\vc140.pdb
g:\dollarproject\cjgameproj\dollarprojectiii\frameworks\cjcomponents\monknw\monknet\debug.win32\vc140.idb
g:\dollarproject\cjgameproj\dollarprojectiii\frameworks\cjcomponents\monknw\monknet\debug.win32\tcpsocket.obj
g:\dollarproject\cjgameproj\dollarprojectiii\frameworks\cjcomponents\monknw\monknet\debug.win32\cjnetwork.obj
g:\dollarproject\cjgameproj\dollarprojectiii\frameworks\cjcomponents\monknw\monknet\debug.win32\cjnetworkmanager.obj
g:\dollarproject\cjgameproj\dollarprojectiii\frameworks\cjcomponents\monknw\monknet\debug.win32\encryptdes.obj
g:\dollarproject\cjgameproj\dollarprojectiii\frameworks\cjcomponents\monknw\monknet\debug.win32\md5.obj
g:\dollarproject\cjgameproj\dollarprojectiii\frameworks\cjcomponents\monknw\monknet\debug.win32\minicrypt.obj
g:\dollarproject\cjgameproj\dollarprojectiii\frameworks\cjcomponents\monknw\monknet\debug.win32\whencrypt.obj
g:\dollarproject\cjgameproj\dollarprojectiii\frameworks\runtime-src\proj.win32\debug.win32\monknet.ilk
g:\dollarproject\cjgameproj\dollarprojectiii\frameworks\runtime-src\proj.win32\debug.win32\monknet.dll
g:\dollarproject\cjgameproj\dollarprojectiii\frameworks\runtime-src\proj.win32\debug.win32\monknet.pdb
g:\dollarproject\cjgameproj\dollarprojectiii\frameworks\runtime-src\proj.win32\debug.win32\monknet.lib
g:\dollarproject\cjgameproj\dollarprojectiii\frameworks\runtime-src\proj.win32\debug.win32\monknet.exp
g:\dollarproject\cjgameproj\dollarprojectiii\frameworks\cjcomponents\monknw\monknet\debug.win32\monknet.tlog\cl.command.1.tlog
g:\dollarproject\cjgameproj\dollarprojectiii\frameworks\cjcomponents\monknw\monknet\debug.win32\monknet.tlog\cl.read.1.tlog
g:\dollarproject\cjgameproj\dollarprojectiii\frameworks\cjcomponents\monknw\monknet\debug.win32\monknet.tlog\cl.write.1.tlog
g:\dollarproject\cjgameproj\dollarprojectiii\frameworks\cjcomponents\monknw\monknet\debug.win32\monknet.tlog\link.command.1.tlog
g:\dollarproject\cjgameproj\dollarprojectiii\frameworks\cjcomponents\monknw\monknet\debug.win32\monknet.tlog\link.read.1.tlog
g:\dollarproject\cjgameproj\dollarprojectiii\frameworks\cjcomponents\monknw\monknet\debug.win32\monknet.tlog\link.write.1.tlog
g:\dollarproject\cjgameproj\dollarprojectiii\frameworks\cjcomponents\monknw\monknet\debug.win32\monknet.tlog\monknet.write.1u.tlog
